  [1m[36m (132.7ms)[0m  [1mCREATE TABLE "schema_migrations" ("version" varchar NOT NULL) [0m
  [1m[35m (0.1ms)[0m  select sqlite_version(*)
  [1m[36m (121.8ms)[0m  [1mCREATE UNIQUE INDEX "unique_schema_migrations" ON "schema_migrations" ("version")[0m
  [1m[35mActiveRecord::SchemaMigration Load (0.1ms)[0m  SELECT "schema_migrations".* FROM "schema_migrations"
Migrating to CreateProducts (20170615165848)
  [1m[36m (0.1ms)[0m  [1mbegin transaction[0m
  [1m[35m (0.1ms)[0m  rollback transaction
  [1m[36m (124.9ms)[0m  [1mCREATE TABLE "schema_migrations" ("version" varchar NOT NULL) [0m
  [1m[35m (0.1ms)[0m  select sqlite_version(*)
  [1m[36m (110.7ms)[0m  [1mCREATE UNIQUE INDEX "unique_schema_migrations" ON "schema_migrations" ("version")[0m
  [1m[35mActiveRecord::SchemaMigration Load (0.1ms)[0m  SELECT "schema_migrations".* FROM "schema_migrations"
Migrating to CreateProducts (20170615172250)
  [1m[36m (0.1ms)[0m  [1mbegin transaction[0m
  [1m[35m (0.6ms)[0m  CREATE TABLE "products" ("id" INTEGER PRIMARY KEY AUTOINCREMENT NOT NULL, "name" varchar, "price" decimal, "created_at" datetime NOT NULL, "updated_at" datetime NOT NULL) 
  [1m[36mSQL (0.2ms)[0m  [1mINSERT INTO "schema_migrations" ("version") VALUES (?)[0m  [["version", "20170615172250"]]
  [1m[35m (140.4ms)[0m  commit transaction
  [1m[36mActiveRecord::SchemaMigration Load (0.1ms)[0m  [1mSELECT "schema_migrations".* FROM "schema_migrations"[0m
  [1m[36mActiveRecord::SchemaMigration Load (0.1ms)[0m  [1mSELECT "schema_migrations".* FROM "schema_migrations"[0m
Migrating to AddDescriptionColumnsToProducts (20170615173044)
  [1m[35m (0.1ms)[0m  begin transaction
  [1m[36m (0.4ms)[0m  [1mALTER TABLE "products" ADD "description" text[0m
  [1m[35mSQL (0.2ms)[0m  INSERT INTO "schema_migrations" ("version") VALUES (?)  [["version", "20170615173044"]]
  [1m[36m (71.6ms)[0m  [1mcommit transaction[0m
  [1m[35mActiveRecord::SchemaMigration Load (0.1ms)[0m  SELECT "schema_migrations".* FROM "schema_migrations"
  [1m[36mActiveRecord::SchemaMigration Load (0.1ms)[0m  [1mSELECT "schema_migrations".* FROM "schema_migrations"[0m
  [1m[35mActiveRecord::SchemaMigration Load (0.1ms)[0m  SELECT "schema_migrations".* FROM "schema_migrations"
Migrating to AddDescriptionColumnsToProducts (20170615173044)
  [1m[36m (0.1ms)[0m  [1mbegin transaction[0m
  [1m[35m (0.6ms)[0m  CREATE TEMPORARY TABLE "aproducts" ("id" INTEGER PRIMARY KEY AUTOINCREMENT NOT NULL, "name" varchar, "price" decimal, "created_at" datetime NOT NULL, "updated_at" datetime NOT NULL, "description" text) 
  [1m[36m (0.1ms)[0m  [1mSELECT * FROM "products"[0m
  [1m[35m (0.2ms)[0m  DROP TABLE "products"
  [1m[36m (0.2ms)[0m  [1mCREATE TABLE "products" ("id" INTEGER PRIMARY KEY AUTOINCREMENT NOT NULL, "name" varchar, "price" decimal, "created_at" datetime NOT NULL, "updated_at" datetime NOT NULL) [0m
  [1m[35m (0.1ms)[0m  SELECT * FROM "aproducts"
  [1m[36m (0.2ms)[0m  [1mDROP TABLE "aproducts"[0m
  [1m[35mSQL (0.2ms)[0m  DELETE FROM "schema_migrations" WHERE "schema_migrations"."version" = ?  [["version", "20170615173044"]]
  [1m[36m (88.5ms)[0m  [1mcommit transaction[0m
  [1m[35mActiveRecord::SchemaMigration Load (0.1ms)[0m  SELECT "schema_migrations".* FROM "schema_migrations"
  [1m[36mActiveRecord::SchemaMigration Load (0.1ms)[0m  [1mSELECT "schema_migrations".* FROM "schema_migrations"[0m
Migrating to AddDescriptionColumnsToProducts (20170615173044)
  [1m[35m (0.1ms)[0m  begin transaction
  [1m[36m (0.4ms)[0m  [1mALTER TABLE "products" ADD "description" text[0m
  [1m[35mSQL (0.2ms)[0m  INSERT INTO "schema_migrations" ("version") VALUES (?)  [["version", "20170615173044"]]
  [1m[36m (96.8ms)[0m  [1mcommit transaction[0m
Migrating to AddTestColumnsToProducts (20170615173514)
  [1m[35m (0.1ms)[0m  begin transaction
  [1m[36m (0.3ms)[0m  [1mALTER TABLE "products" ADD "test" integer[0m
  [1m[35mSQL (0.1ms)[0m  INSERT INTO "schema_migrations" ("version") VALUES (?)  [["version", "20170615173514"]]
  [1m[36m (75.3ms)[0m  [1mcommit transaction[0m
Migrating to AddNewColumnsToProducts (20170615173933)
  [1m[35m (0.1ms)[0m  begin transaction
  [1m[36mSQL (0.2ms)[0m  [1mINSERT INTO "schema_migrations" ("version") VALUES (?)[0m  [["version", "20170615173933"]]
  [1m[35m (97.8ms)[0m  commit transaction
  [1m[36mActiveRecord::SchemaMigration Load (0.1ms)[0m  [1mSELECT "schema_migrations".* FROM "schema_migrations"[0m
  [1m[36mActiveRecord::SchemaMigration Load (0.1ms)[0m  [1mSELECT "schema_migrations".* FROM "schema_migrations"[0m
  [1m[35mActiveRecord::SchemaMigration Load (0.1ms)[0m  SELECT "schema_migrations".* FROM "schema_migrations"
  [1m[36mActiveRecord::SchemaMigration Load (0.1ms)[0m  [1mSELECT "schema_migrations".* FROM "schema_migrations"[0m
Migrating to AddNewColumn (20170615175935)
  [1m[35m (0.1ms)[0m  begin transaction
  [1m[36m (0.4ms)[0m  [1mALTER TABLE "products" ADD "nesto" integer[0m
  [1m[35mSQL (0.2ms)[0m  INSERT INTO "schema_migrations" ("version") VALUES (?)  [["version", "20170615175935"]]
  [1m[36m (85.3ms)[0m  [1mcommit transaction[0m
  [1m[35mActiveRecord::SchemaMigration Load (0.2ms)[0m  SELECT "schema_migrations".* FROM "schema_migrations"
  [1m[36mActiveRecord::SchemaMigration Load (0.1ms)[0m  [1mSELECT "schema_migrations".* FROM "schema_migrations"[0m
Migrating to RemoveColumnTestFromProduct (20170615180150)
  [1m[35m (0.1ms)[0m  begin transaction
  [1m[36m (0.5ms)[0m  [1mCREATE TEMPORARY TABLE "aproducts" ("id" INTEGER PRIMARY KEY AUTOINCREMENT NOT NULL, "name" varchar, "price" decimal, "created_at" datetime NOT NULL, "updated_at" datetime NOT NULL, "description" text, "test" integer, "nesto" integer) [0m
  [1m[35m (0.1ms)[0m  SELECT * FROM "products"
  [1m[36m (0.2ms)[0m  [1mDROP TABLE "products"[0m
  [1m[35m (0.2ms)[0m  CREATE TABLE "products" ("id" INTEGER PRIMARY KEY AUTOINCREMENT NOT NULL, "name" varchar, "price" decimal, "created_at" datetime NOT NULL, "updated_at" datetime NOT NULL, "description" text, "nesto" integer) 
  [1m[36m (0.1ms)[0m  [1mSELECT * FROM "aproducts"[0m
  [1m[35m (0.2ms)[0m  DROP TABLE "aproducts"
  [1m[36mSQL (0.2ms)[0m  [1mINSERT INTO "schema_migrations" ("version") VALUES (?)[0m  [["version", "20170615180150"]]
  [1m[35m (74.0ms)[0m  commit transaction
  [1m[36mActiveRecord::SchemaMigration Load (0.1ms)[0m  [1mSELECT "schema_migrations".* FROM "schema_migrations"[0m
  [1m[36mActiveRecord::SchemaMigration Load (0.1ms)[0m  [1mSELECT "schema_migrations".* FROM "schema_migrations"[0m
Migrating to ChangeAboutFromIntToString (20170615181031)
  [1m[35m (0.1ms)[0m  begin transaction
  [1m[36m (0.5ms)[0m  [1mCREATE TEMPORARY TABLE "aproducts" ("id" INTEGER PRIMARY KEY AUTOINCREMENT NOT NULL, "name" varchar, "price" decimal, "created_at" datetime NOT NULL, "updated_at" datetime NOT NULL, "description" text, "nesto" integer) [0m
  [1m[35m (0.1ms)[0m  SELECT * FROM "products"
  [1m[36m (0.2ms)[0m  [1mDROP TABLE "products"[0m
  [1m[35m (0.2ms)[0m  rollback transaction
  [1m[36mActiveRecord::SchemaMigration Load (0.1ms)[0m  [1mSELECT "schema_migrations".* FROM "schema_migrations"[0m
  [1m[35mActiveRecord::SchemaMigration Load (0.1ms)[0m  SELECT "schema_migrations".* FROM "schema_migrations"
Migrating to RemoveColumnTestFromProduct (20170615180150)
  [1m[36m (0.1ms)[0m  [1mbegin transaction[0m
  [1m[35m (0.4ms)[0m  ALTER TABLE "products" ADD "test" integer
  [1m[36mSQL (0.2ms)[0m  [1mDELETE FROM "schema_migrations" WHERE "schema_migrations"."version" = ?[0m  [["version", "20170615180150"]]
  [1m[35m (87.6ms)[0m  commit transaction
  [1m[36mActiveRecord::SchemaMigration Load (0.1ms)[0m  [1mSELECT "schema_migrations".* FROM "schema_migrations"[0m
  [1m[36mActiveRecord::SchemaMigration Load (0.1ms)[0m  [1mSELECT "schema_migrations".* FROM "schema_migrations"[0m
Migrating to RemoveColumnTestFromProduct (20170615180150)
  [1m[35m (0.1ms)[0m  begin transaction
  [1m[36m (0.5ms)[0m  [1mCREATE TEMPORARY TABLE "aproducts" ("id" INTEGER PRIMARY KEY AUTOINCREMENT NOT NULL, "name" varchar, "price" decimal, "created_at" datetime NOT NULL, "updated_at" datetime NOT NULL, "description" text, "nesto" integer, "test" integer) [0m
  [1m[35m (0.1ms)[0m  SELECT * FROM "products"
  [1m[36m (0.2ms)[0m  [1mDROP TABLE "products"[0m
  [1m[35m (0.2ms)[0m  CREATE TABLE "products" ("id" INTEGER PRIMARY KEY AUTOINCREMENT NOT NULL, "name" varchar, "price" decimal, "created_at" datetime NOT NULL, "updated_at" datetime NOT NULL, "description" text, "nesto" integer) 
  [1m[36m (0.1ms)[0m  [1mSELECT * FROM "aproducts"[0m
  [1m[35m (0.2ms)[0m  DROP TABLE "aproducts"
  [1m[36mSQL (0.2ms)[0m  [1mINSERT INTO "schema_migrations" ("version") VALUES (?)[0m  [["version", "20170615180150"]]
  [1m[35m (78.7ms)[0m  commit transaction
Migrating to ChangeAboutFromIntToString (20170615181031)
  [1m[36m (0.1ms)[0m  [1mbegin transaction[0m
  [1m[35m (0.2ms)[0m  CREATE TEMPORARY TABLE "aproducts" ("id" INTEGER PRIMARY KEY AUTOINCREMENT NOT NULL, "name" varchar, "price" decimal, "created_at" datetime NOT NULL, "updated_at" datetime NOT NULL, "description" text, "nesto" integer) 
  [1m[36m (0.1ms)[0m  [1mSELECT * FROM "products"[0m
  [1m[35m (0.3ms)[0m  DROP TABLE "products"
  [1m[36m (0.2ms)[0m  [1mrollback transaction[0m
  [1m[36mActiveRecord::SchemaMigration Load (0.1ms)[0m  [1mSELECT "schema_migrations".* FROM "schema_migrations"[0m
  [1m[35mActiveRecord::SchemaMigration Load (0.1ms)[0m  SELECT "schema_migrations".* FROM "schema_migrations"
Migrating to RemoveColumnTestFromProduct (20170615180150)
  [1m[36m (0.1ms)[0m  [1mbegin transaction[0m
  [1m[35m (0.4ms)[0m  ALTER TABLE "products" ADD "test" integer
  [1m[36mSQL (0.2ms)[0m  [1mDELETE FROM "schema_migrations" WHERE "schema_migrations"."version" = ?[0m  [["version", "20170615180150"]]
  [1m[35m (93.9ms)[0m  commit transaction
Migrating to AddNewColumn (20170615175935)
  [1m[36m (0.1ms)[0m  [1mbegin transaction[0m
  [1m[35m (0.5ms)[0m  CREATE TEMPORARY TABLE "aproducts" ("id" INTEGER PRIMARY KEY AUTOINCREMENT NOT NULL, "name" varchar, "price" decimal, "created_at" datetime NOT NULL, "updated_at" datetime NOT NULL, "description" text, "nesto" integer, "test" integer) 
  [1m[36m (0.1ms)[0m  [1mSELECT * FROM "products"[0m
  [1m[35m (0.2ms)[0m  DROP TABLE "products"
  [1m[36m (0.2ms)[0m  [1mCREATE TABLE "products" ("id" INTEGER PRIMARY KEY AUTOINCREMENT NOT NULL, "name" varchar, "price" decimal, "created_at" datetime NOT NULL, "updated_at" datetime NOT NULL, "description" text, "test" integer) [0m
  [1m[35m (0.1ms)[0m  SELECT * FROM "aproducts"
  [1m[36m (0.1ms)[0m  [1mDROP TABLE "aproducts"[0m
  [1m[35mSQL (0.1ms)[0m  DELETE FROM "schema_migrations" WHERE "schema_migrations"."version" = ?  [["version", "20170615175935"]]
  [1m[36m (70.2ms)[0m  [1mcommit transaction[0m
Migrating to AddNewColumnsToProducts (20170615173933)
  [1m[35m (0.1ms)[0m  begin transaction
  [1m[36m (0.2ms)[0m  [1mCREATE TEMPORARY TABLE "aproducts" ("id" INTEGER PRIMARY KEY AUTOINCREMENT NOT NULL, "name" varchar, "price" decimal, "created_at" datetime NOT NULL, "updated_at" datetime NOT NULL, "description" text, "test" integer) [0m
  [1m[35m (0.1ms)[0m  SELECT * FROM "products"
  [1m[36m (0.2ms)[0m  [1mDROP TABLE "products"[0m
  [1m[35m (0.2ms)[0m  CREATE TABLE "products" ("id" INTEGER PRIMARY KEY AUTOINCREMENT NOT NULL, "name" varchar, "price" decimal, "created_at" datetime NOT NULL, "updated_at" datetime NOT NULL, "description" text, "test" integer) 
  [1m[36m (0.1ms)[0m  [1mSELECT * FROM "aproducts"[0m
  [1m[35m (0.2ms)[0m  DROP TABLE "aproducts"
  [1m[36mSQL (0.1ms)[0m  [1mDELETE FROM "schema_migrations" WHERE "schema_migrations"."version" = ?[0m  [["version", "20170615173933"]]
  [1m[35m (94.6ms)[0m  commit transaction
Migrating to AddTestColumnsToProducts (20170615173514)
  [1m[36m (0.1ms)[0m  [1mbegin transaction[0m
  [1m[35m (0.2ms)[0m  CREATE TEMPORARY TABLE "aproducts" ("id" INTEGER PRIMARY KEY AUTOINCREMENT NOT NULL, "name" varchar, "price" decimal, "created_at" datetime NOT NULL, "updated_at" datetime NOT NULL, "description" text, "test" integer) 
  [1m[36m (0.1ms)[0m  [1mSELECT * FROM "products"[0m
  [1m[35m (0.3ms)[0m  DROP TABLE "products"
  [1m[36m (0.2ms)[0m  [1mCREATE TABLE "products" ("id" INTEGER PRIMARY KEY AUTOINCREMENT NOT NULL, "name" varchar, "price" decimal, "created_at" datetime NOT NULL, "updated_at" datetime NOT NULL, "description" text) [0m
  [1m[35m (0.1ms)[0m  SELECT * FROM "aproducts"
  [1m[36m (0.2ms)[0m  [1mDROP TABLE "aproducts"[0m
  [1m[35mSQL (0.2ms)[0m  DELETE FROM "schema_migrations" WHERE "schema_migrations"."version" = ?  [["version", "20170615173514"]]
  [1m[36m (105.4ms)[0m  [1mcommit transaction[0m
Migrating to AddDescriptionColumnsToProducts (20170615173044)
  [1m[35m (0.1ms)[0m  begin transaction
  [1m[36m (0.2ms)[0m  [1mCREATE TEMPORARY TABLE "aproducts" ("id" INTEGER PRIMARY KEY AUTOINCREMENT NOT NULL, "name" varchar, "price" decimal, "created_at" datetime NOT NULL, "updated_at" datetime NOT NULL, "description" text) [0m
  [1m[35m (0.1ms)[0m  SELECT * FROM "products"
  [1m[36m (0.2ms)[0m  [1mDROP TABLE "products"[0m
  [1m[35m (0.2ms)[0m  CREATE TABLE "products" ("id" INTEGER PRIMARY KEY AUTOINCREMENT NOT NULL, "name" varchar, "price" decimal, "created_at" datetime NOT NULL, "updated_at" datetime NOT NULL) 
  [1m[36m (0.1ms)[0m  [1mSELECT * FROM "aproducts"[0m
  [1m[35m (0.2ms)[0m  DROP TABLE "aproducts"
  [1m[36mSQL (0.2ms)[0m  [1mDELETE FROM "schema_migrations" WHERE "schema_migrations"."version" = ?[0m  [["version", "20170615173044"]]
  [1m[35m (72.5ms)[0m  commit transaction
  [1m[36mActiveRecord::SchemaMigration Load (0.1ms)[0m  [1mSELECT "schema_migrations".* FROM "schema_migrations"[0m
  [1m[36mActiveRecord::SchemaMigration Load (0.1ms)[0m  [1mSELECT "schema_migrations".* FROM "schema_migrations"[0m
Migrating to AddDescriptionColumnsToProducts (20170615173044)
  [1m[35m (0.1ms)[0m  begin transaction
  [1m[36m (0.4ms)[0m  [1mALTER TABLE "products" ADD "description" text[0m
  [1m[35mSQL (0.2ms)[0m  INSERT INTO "schema_migrations" ("version") VALUES (?)  [["version", "20170615173044"]]
  [1m[36m (85.2ms)[0m  [1mcommit transaction[0m
Migrating to AddTestColumnsToProducts (20170615173514)
  [1m[35m (0.1ms)[0m  begin transaction
  [1m[36m (0.4ms)[0m  [1mALTER TABLE "products" ADD "test" integer[0m
  [1m[35mSQL (0.2ms)[0m  INSERT INTO "schema_migrations" ("version") VALUES (?)  [["version", "20170615173514"]]
  [1m[36m (75.0ms)[0m  [1mcommit transaction[0m
Migrating to AddNewColumnsToProducts (20170615173933)
  [1m[35m (0.1ms)[0m  begin transaction
  [1m[36m (0.4ms)[0m  [1mALTER TABLE "products" ADD "about" integer[0m
  [1m[35mSQL (0.2ms)[0m  INSERT INTO "schema_migrations" ("version") VALUES (?)  [["version", "20170615173933"]]
  [1m[36m (97.3ms)[0m  [1mcommit transaction[0m
Migrating to AddNewColumn (20170615175935)
  [1m[35m (0.1ms)[0m  begin transaction
  [1m[36m (0.4ms)[0m  [1mALTER TABLE "products" ADD "nesto" integer[0m
  [1m[35mSQL (0.2ms)[0m  INSERT INTO "schema_migrations" ("version") VALUES (?)  [["version", "20170615175935"]]
  [1m[36m (75.2ms)[0m  [1mcommit transaction[0m
Migrating to RemoveColumnTestFromProduct (20170615180150)
  [1m[35m (0.1ms)[0m  begin transaction
  [1m[36m (0.5ms)[0m  [1mCREATE TEMPORARY TABLE "aproducts" ("id" INTEGER PRIMARY KEY AUTOINCREMENT NOT NULL, "name" varchar, "price" decimal, "created_at" datetime NOT NULL, "updated_at" datetime NOT NULL, "description" text, "test" integer, "about" integer, "nesto" integer) [0m
  [1m[35m (0.1ms)[0m  SELECT * FROM "products"
  [1m[36m (0.3ms)[0m  [1mDROP TABLE "products"[0m
  [1m[35m (0.2ms)[0m  CREATE TABLE "products" ("id" INTEGER PRIMARY KEY AUTOINCREMENT NOT NULL, "name" varchar, "price" decimal, "created_at" datetime NOT NULL, "updated_at" datetime NOT NULL, "description" text, "about" integer, "nesto" integer) 
  [1m[36m (0.1ms)[0m  [1mSELECT * FROM "aproducts"[0m
  [1m[35m (0.2ms)[0m  DROP TABLE "aproducts"
  [1m[36mSQL (0.2ms)[0m  [1mINSERT INTO "schema_migrations" ("version") VALUES (?)[0m  [["version", "20170615180150"]]
  [1m[35m (71.0ms)[0m  commit transaction
Migrating to ChangeAboutFromIntToString (20170615181031)
  [1m[36m (0.1ms)[0m  [1mbegin transaction[0m
  [1m[35m (0.2ms)[0m  CREATE TEMPORARY TABLE "aproducts" ("id" INTEGER PRIMARY KEY AUTOINCREMENT NOT NULL, "name" varchar, "price" decimal, "created_at" datetime NOT NULL, "updated_at" datetime NOT NULL, "description" text, "about" integer, "nesto" integer) 
  [1m[36m (0.1ms)[0m  [1mSELECT * FROM "products"[0m
  [1m[35m (0.4ms)[0m  DROP TABLE "products"
  [1m[36m (0.8ms)[0m  [1mCREATE TABLE "products" ("id" INTEGER PRIMARY KEY AUTOINCREMENT NOT NULL, "name" varchar, "price" decimal, "created_at" datetime NOT NULL, "updated_at" datetime NOT NULL, "description" text, "about" varchar, "nesto" integer) [0m
  [1m[35m (0.1ms)[0m  SELECT * FROM "aproducts"
  [1m[36m (0.2ms)[0m  [1mDROP TABLE "aproducts"[0m
  [1m[35mSQL (0.1ms)[0m  INSERT INTO "schema_migrations" ("version") VALUES (?)  [["version", "20170615181031"]]
  [1m[36m (80.6ms)[0m  [1mcommit transaction[0m
Migrating to ChangeAboutFromStringToInteger (20170615181437)
  [1m[35m (0.1ms)[0m  begin transaction
  [1m[36m (0.2ms)[0m  [1mCREATE TEMPORARY TABLE "aproducts" ("id" INTEGER PRIMARY KEY AUTOINCREMENT NOT NULL, "name" varchar, "price" decimal, "created_at" datetime NOT NULL, "updated_at" datetime NOT NULL, "description" text, "about" varchar, "nesto" integer) [0m
  [1m[35m (0.1ms)[0m  SELECT * FROM "products"
  [1m[36m (0.2ms)[0m  [1mDROP TABLE "products"[0m
  [1m[35m (0.2ms)[0m  CREATE TABLE "products" ("id" INTEGER PRIMARY KEY AUTOINCREMENT NOT NULL, "name" varchar, "price" decimal, "created_at" datetime NOT NULL, "updated_at" datetime NOT NULL, "description" text, "about" integer, "nesto" integer) 
  [1m[36m (0.1ms)[0m  [1mSELECT * FROM "aproducts"[0m
  [1m[35m (0.2ms)[0m  DROP TABLE "aproducts"
  [1m[36mSQL (0.1ms)[0m  [1mINSERT INTO "schema_migrations" ("version") VALUES (?)[0m  [["version", "20170615181437"]]
  [1m[35m (83.0ms)[0m  commit transaction
  [1m[36mActiveRecord::SchemaMigration Load (0.1ms)[0m  [1mSELECT "schema_migrations".* FROM "schema_migrations"[0m
  [1m[36mActiveRecord::SchemaMigration Load (0.1ms)[0m  [1mSELECT "schema_migrations".* FROM "schema_migrations"[0m
Migrating to NovaMigracija (20170615181833)
  [1m[35m (0.1ms)[0m  begin transaction
  [1m[36m (0.5ms)[0m  [1mCREATE TEMPORARY TABLE "aproducts" ("id" INTEGER PRIMARY KEY AUTOINCREMENT NOT NULL, "name" varchar, "price" decimal, "created_at" datetime NOT NULL, "updated_at" datetime NOT NULL, "description" text, "about" integer, "nesto" integer) [0m
  [1m[35m (0.1ms)[0m  SELECT * FROM "products"
  [1m[36m (0.3ms)[0m  [1mDROP TABLE "products"[0m
  [1m[35m (0.2ms)[0m  CREATE TABLE "products" ("id" INTEGER PRIMARY KEY AUTOINCREMENT NOT NULL, "name" varchar, "price" decimal, "created_at" datetime NOT NULL, "updated_at" datetime NOT NULL, "description" text, "about" varchar, "nesto" integer) 
  [1m[36m (0.1ms)[0m  [1mSELECT * FROM "aproducts"[0m
  [1m[35m (0.1ms)[0m  DROP TABLE "aproducts"
  [1m[36mSQL (0.2ms)[0m  [1mINSERT INTO "schema_migrations" ("version") VALUES (?)[0m  [["version", "20170615181833"]]
  [1m[35m (92.5ms)[0m  commit transaction
  [1m[36mActiveRecord::SchemaMigration Load (0.1ms)[0m  [1mSELECT "schema_migrations".* FROM "schema_migrations"[0m
  [1m[36mActiveRecord::SchemaMigration Load (0.2ms)[0m  [1mSELECT "schema_migrations".* FROM "schema_migrations"[0m
Migrating to ChangeAboutFromStringToText (20170615182000)
  [1m[35m (0.1ms)[0m  begin transaction
  [1m[36m (0.5ms)[0m  [1mCREATE TEMPORARY TABLE "aproducts" ("id" INTEGER PRIMARY KEY AUTOINCREMENT NOT NULL, "name" varchar, "price" decimal, "created_at" datetime NOT NULL, "updated_at" datetime NOT NULL, "description" text, "about" varchar, "nesto" integer) [0m
  [1m[35m (0.1ms)[0m  SELECT * FROM "products"
  [1m[36m (0.3ms)[0m  [1mDROP TABLE "products"[0m
  [1m[35m (0.2ms)[0m  CREATE TABLE "products" ("id" INTEGER PRIMARY KEY AUTOINCREMENT NOT NULL, "name" varchar, "price" decimal, "created_at" datetime NOT NULL, "updated_at" datetime NOT NULL, "description" text, "about" text, "nesto" integer) 
  [1m[36m (0.1ms)[0m  [1mSELECT * FROM "aproducts"[0m
  [1m[35m (0.2ms)[0m  DROP TABLE "aproducts"
  [1m[36mSQL (0.3ms)[0m  [1mINSERT INTO "schema_migrations" ("version") VALUES (?)[0m  [["version", "20170615182000"]]
  [1m[35m (256.3ms)[0m  commit transaction
  [1m[36mActiveRecord::SchemaMigration Load (0.1ms)[0m  [1mSELECT "schema_migrations".* FROM "schema_migrations"[0m
  [1m[36mActiveRecord::SchemaMigration Load (0.1ms)[0m  [1mSELECT "schema_migrations".* FROM "schema_migrations"[0m
  [1m[35mActiveRecord::SchemaMigration Load (0.1ms)[0m  SELECT "schema_migrations".* FROM "schema_migrations"
Migrating to ChangeAboutFromStringToText (20170615182000)
  [1m[36m (0.1ms)[0m  [1mbegin transaction[0m
  [1m[35m (0.5ms)[0m  CREATE TEMPORARY TABLE "aproducts" ("id" INTEGER PRIMARY KEY AUTOINCREMENT NOT NULL, "name" varchar, "price" decimal, "created_at" datetime NOT NULL, "updated_at" datetime NOT NULL, "description" text, "about" text, "nesto" integer) 
  [1m[36m (0.1ms)[0m  [1mSELECT * FROM "products"[0m
  [1m[35m (0.3ms)[0m  DROP TABLE "products"
  [1m[36m (0.2ms)[0m  [1mCREATE TABLE "products" ("id" INTEGER PRIMARY KEY AUTOINCREMENT NOT NULL, "name" varchar, "price" decimal, "created_at" datetime NOT NULL, "updated_at" datetime NOT NULL, "description" text, "about" integer, "nesto" integer) [0m
  [1m[35m (0.1ms)[0m  SELECT * FROM "aproducts"
  [1m[36m (0.2ms)[0m  [1mDROP TABLE "aproducts"[0m
  [1m[35mSQL (0.2ms)[0m  DELETE FROM "schema_migrations" WHERE "schema_migrations"."version" = ?  [["version", "20170615182000"]]
  [1m[36m (84.2ms)[0m  [1mcommit transaction[0m
  [1m[35mActiveRecord::SchemaMigration Load (0.1ms)[0m  SELECT "schema_migrations".* FROM "schema_migrations"


Started GET "/" for 127.0.0.1 at 2017-06-15 20:25:02 +0200
  [1m[36mActiveRecord::SchemaMigration Load (0.1ms)[0m  [1mSELECT "schema_migrations".* FROM "schema_migrations"[0m

ActiveRecord::PendingMigrationError (

Migrations are pending. To resolve this issue, run:

	bin/rake db:migrate RAILS_ENV=development

):
  activerecord (4.2.7.1) lib/active_record/migration.rb:392:in `check_pending!'
  activerecord (4.2.7.1) lib/active_record/migration.rb:373:in `call'
  /usr/lib/ruby/vendor_ruby/action_dispatch/middleware/callbacks.rb:29:in `block in call'
  /usr/lib/ruby/vendor_ruby/active_support/callbacks.rb:88:in `__run_callbacks__'
  /usr/lib/ruby/vendor_ruby/active_support/callbacks.rb:778:in `_run_call_callbacks'
  /usr/lib/ruby/vendor_ruby/active_support/callbacks.rb:81:in `run_callbacks'
  /usr/lib/ruby/vendor_ruby/action_dispatch/middleware/callbacks.rb:27:in `call'
  /usr/lib/ruby/vendor_ruby/action_dispatch/middleware/reloader.rb:73:in `call'
  /usr/lib/ruby/vendor_ruby/action_dispatch/middleware/remote_ip.rb:78:in `call'
  /usr/lib/ruby/vendor_ruby/action_dispatch/middleware/debug_exceptions.rb:17:in `call'
  web-console (2.3.0) lib/web_console/middleware.rb:28:in `block in call'
  web-console (2.3.0) lib/web_console/middleware.rb:18:in `catch'
  web-console (2.3.0) lib/web_console/middleware.rb:18:in `call'
  /usr/lib/ruby/vendor_ruby/action_dispatch/middleware/show_exceptions.rb:30:in `call'
  /usr/lib/ruby/vendor_ruby/rails/rack/logger.rb:38:in `call_app'
  /usr/lib/ruby/vendor_ruby/rails/rack/logger.rb:20:in `block in call'
  /usr/lib/ruby/vendor_ruby/active_support/tagged_logging.rb:68:in `block in tagged'
  /usr/lib/ruby/vendor_ruby/active_support/tagged_logging.rb:26:in `tagged'
  /usr/lib/ruby/vendor_ruby/active_support/tagged_logging.rb:68:in `tagged'
  /usr/lib/ruby/vendor_ruby/rails/rack/logger.rb:20:in `call'
  /usr/lib/ruby/vendor_ruby/action_dispatch/middleware/request_id.rb:21:in `call'
  rack (1.6.8) lib/rack/methodoverride.rb:22:in `call'
  rack (1.6.8) lib/rack/runtime.rb:18:in `call'
  /usr/lib/ruby/vendor_ruby/active_support/cache/strategy/local_cache_middleware.rb:28:in `call'
  rack (1.6.8) lib/rack/lock.rb:17:in `call'
  /usr/lib/ruby/vendor_ruby/action_dispatch/middleware/static.rb:120:in `call'
  rack (1.6.8) lib/rack/sendfile.rb:113:in `call'
  /usr/lib/ruby/vendor_ruby/rails/engine.rb:518:in `call'
  /usr/lib/ruby/vendor_ruby/rails/application.rb:165:in `call'
  rack (1.6.8) lib/rack/lock.rb:17:in `call'
  rack (1.6.8) lib/rack/content_length.rb:15:in `call'
  rack (1.6.8) lib/rack/handler/webrick.rb:88:in `service'
  /usr/lib/ruby/2.3.0/webrick/httpserver.rb:140:in `service'
  /usr/lib/ruby/2.3.0/webrick/httpserver.rb:96:in `run'
  /usr/lib/ruby/2.3.0/webrick/server.rb:296:in `block in start_thread'


  Rendered /usr/lib/ruby/vendor_ruby/action_dispatch/middleware/templates/rescues/_source.erb (3.0ms)
  Rendered /usr/lib/ruby/vendor_ruby/action_dispatch/middleware/templates/rescues/_trace.html.erb (1.9ms)
  Rendered /usr/lib/ruby/vendor_ruby/action_dispatch/middleware/templates/rescues/_request_and_response.html.erb (1.2ms)
  Rendered /usr/lib/ruby/vendor_ruby/action_dispatch/middleware/templates/rescues/diagnostics.html.erb within rescues/layout (25.4ms)
  Rendered /var/lib/gems/2.3.0/gems/web-console-2.3.0/lib/web_console/templates/_markup.html.erb (0.5ms)
  Rendered /var/lib/gems/2.3.0/gems/web-console-2.3.0/lib/web_console/templates/_inner_console_markup.html.erb within layouts/inlined_string (0.5ms)
  Rendered /var/lib/gems/2.3.0/gems/web-console-2.3.0/lib/web_console/templates/_prompt_box_markup.html.erb within layouts/inlined_string (0.4ms)
  Rendered /var/lib/gems/2.3.0/gems/web-console-2.3.0/lib/web_console/templates/style.css.erb within layouts/inlined_string (0.4ms)
  Rendered /var/lib/gems/2.3.0/gems/web-console-2.3.0/lib/web_console/templates/console.js.erb within layouts/javascript (56.6ms)
  Rendered /var/lib/gems/2.3.0/gems/web-console-2.3.0/lib/web_console/templates/main.js.erb within layouts/javascript (0.4ms)
  Rendered /var/lib/gems/2.3.0/gems/web-console-2.3.0/lib/web_console/templates/error_page.js.erb within layouts/javascript (0.6ms)
  Rendered /var/lib/gems/2.3.0/gems/web-console-2.3.0/lib/web_console/templates/index.html.erb (83.8ms)
  [1m[36mActiveRecord::SchemaMigration Load (0.1ms)[0m  [1mSELECT "schema_migrations".* FROM "schema_migrations"[0m
Migrating to ChangeAboutFromStringToText (20170615182000)
  [1m[35m (0.1ms)[0m  begin transaction
  [1m[36m (0.5ms)[0m  [1mCREATE TEMPORARY TABLE "aproducts" ("id" INTEGER PRIMARY KEY AUTOINCREMENT NOT NULL, "name" varchar, "price" decimal, "created_at" datetime NOT NULL, "updated_at" datetime NOT NULL, "description" text, "about" integer, "nesto" integer) [0m
  [1m[35m (0.1ms)[0m  SELECT * FROM "products"
  [1m[36m (0.3ms)[0m  [1mDROP TABLE "products"[0m
  [1m[35m (0.2ms)[0m  CREATE TABLE "products" ("id" INTEGER PRIMARY KEY AUTOINCREMENT NOT NULL, "name" varchar, "price" decimal, "created_at" datetime NOT NULL, "updated_at" datetime NOT NULL, "description" text, "about" text, "nesto" integer) 
  [1m[36m (0.1ms)[0m  [1mSELECT * FROM "aproducts"[0m
  [1m[35m (0.1ms)[0m  DROP TABLE "aproducts"
  [1m[36mSQL (0.2ms)[0m  [1mINSERT INTO "schema_migrations" ("version") VALUES (?)[0m  [["version", "20170615182000"]]
  [1m[35m (88.4ms)[0m  commit transaction
  [1m[36mActiveRecord::SchemaMigration Load (0.1ms)[0m  [1mSELECT "schema_migrations".* FROM "schema_migrations"[0m


Started GET "/" for 127.0.0.1 at 2017-06-15 20:26:43 +0200
  [1m[36mActiveRecord::SchemaMigration Load (0.2ms)[0m  [1mSELECT "schema_migrations".* FROM "schema_migrations"[0m
Processing by Rails::WelcomeController#index as HTML
  Rendered /usr/lib/ruby/vendor_ruby/rails/templates/rails/welcome/index.html.erb (2.0ms)
Completed 200 OK in 46ms (Views: 27.7ms | ActiveRecord: 0.0ms)
  [1m[36m (0.1ms)[0m  [1mSELECT COUNT(*) FROM "products"[0m
  [1m[35m (0.2ms)[0m  SELECT COUNT(*) FROM "products"
  [1m[36m (0.3ms)[0m  [1mbegin transaction[0m
  [1m[35mSQL (0.6ms)[0m  INSERT INTO "products" ("name", "price", "created_at", "updated_at") VALUES (?, ?, ?, ?)  [["name", "laptop"], ["price", 10.0], ["created_at", "2017-06-15 18:39:49.444725"], ["updated_at", "2017-06-15 18:39:49.444725"]]
  [1m[36m (92.5ms)[0m  [1mcommit transaction[0m
  [1m[35m (0.1ms)[0m  SELECT COUNT(*) FROM "products"
  [1m[36m (0.2ms)[0m  [1mbegin transaction[0m
  [1m[35mSQL (0.4ms)[0m  INSERT INTO "products" ("name", "price", "created_at", "updated_at") VALUES (?, ?, ?, ?)  [["name", "patike"], ["price", 50.0], ["created_at", "2017-06-15 18:43:47.593100"], ["updated_at", "2017-06-15 18:43:47.593100"]]
  [1m[36m (169.1ms)[0m  [1mcommit transaction[0m
  [1m[35m (0.2ms)[0m  SELECT COUNT(*) FROM "products"
  [1m[36mProduct Load (0.3ms)[0m  [1mSELECT "products".* FROM "products"[0m
  [1m[35mProduct Load (0.4ms)[0m  SELECT  "products".* FROM "products"  ORDER BY "products"."id" ASC LIMIT 1
  [1m[36mProduct Load (0.2ms)[0m  [1mSELECT  "products".* FROM "products"  ORDER BY "products"."id" DESC LIMIT 1[0m
  [1m[36mProduct Load (1.5ms)[0m  [1mSELECT "products".* FROM "products"[0m
  [1m[35mProduct Load (0.2ms)[0m  SELECT  "products".* FROM "products" WHERE "products"."id" = ? LIMIT 1  [["id", 1]]
  [1m[36mProduct Load (0.4ms)[0m  [1mSELECT "products".* FROM "products" WHERE "products"."name" = ?[0m  [["name", "patike"]]


Started GET "/" for 127.0.0.1 at 2017-06-16 16:13:15 +0200
  [1m[36mActiveRecord::SchemaMigration Load (0.2ms)[0m  [1mSELECT "schema_migrations".* FROM "schema_migrations"[0m
Processing by Rails::WelcomeController#index as HTML
  Rendered /usr/lib/ruby/vendor_ruby/rails/templates/rails/welcome/index.html.erb (2.2ms)
Completed 200 OK in 97ms (Views: 72.3ms | ActiveRecord: 0.0ms)
  [1m[36mActiveRecord::SchemaMigration Load (0.1ms)[0m  [1mSELECT "schema_migrations".* FROM "schema_migrations"[0m
Migrating to CreateSellers (20170619165122)
  [1m[35m (0.1ms)[0m  begin transaction
DEPRECATION WARNING: `#timestamps` was called without specifying an option for `null`. In Rails 5, this behavior will change to `null: false`. You should manually specify `null: true` to prevent the behavior of your existing migrations from changing. (called from emit_warning_if_null_unspecified at /var/lib/gems/2.3.0/gems/activerecord-4.2.7.1/lib/active_record/connection_adapters/abstract/schema_definitions.rb:63)
  [1m[36m (16.9ms)[0m  [1mCREATE TABLE "sellers" ("id" INTEGER PRIMARY KEY AUTOINCREMENT NOT NULL, "name" varchar NOT NULL, "rating" integer, "created_at" datetime, "updated_at" datetime) [0m
  [1m[35mSQL (0.2ms)[0m  INSERT INTO "schema_migrations" ("version") VALUES (?)  [["version", "20170619165122"]]
  [1m[36m (277.7ms)[0m  [1mcommit transaction[0m
  [1m[35mActiveRecord::SchemaMigration Load (0.2ms)[0m  SELECT "schema_migrations".* FROM "schema_migrations"
  [1m[36m (0.1ms)[0m  [1mSELECT COUNT(*) FROM "sellers"[0m
  [1m[35m (0.1ms)[0m  begin transaction
  [1m[36mSQL (0.4ms)[0m  [1mINSERT INTO "sellers" ("name", "rating", "created_at", "updated_at") VALUES (?, ?, ?, ?)[0m  [["name", "ime prezime"], ["rating", 5], ["created_at", "2017-06-19 17:10:13.340233"], ["updated_at", "2017-06-19 17:10:13.340233"]]
  [1m[35m (108.8ms)[0m  commit transaction
  [1m[36mSeller Load (0.2ms)[0m  [1mSELECT "sellers"."name", "sellers"."rating" FROM "sellers"[0m
  [1m[36m (0.1ms)[0m  [1mbegin transaction[0m
  [1m[35mSQL (0.3ms)[0m  INSERT INTO "sellers" ("name", "rating", "created_at", "updated_at") VALUES (?, ?, ?, ?)  [["name", "neko ime"], ["rating", 7], ["created_at", "2017-06-19 17:12:54.757181"], ["updated_at", "2017-06-19 17:12:54.757181"]]
  [1m[36m (93.3ms)[0m  [1mcommit transaction[0m
  [1m[35mSeller Load (0.3ms)[0m  SELECT "sellers".* FROM "sellers"
  [1m[36mSeller Load (0.2ms)[0m  [1mSELECT  "sellers".* FROM "sellers" WHERE "sellers"."id" = ? LIMIT 1[0m  [["id", 1]]
  [1m[35m (0.1ms)[0m  begin transaction
  [1m[36mSQL (0.6ms)[0m  [1mINSERT INTO "sellers" ("name", "rating", "created_at", "updated_at") VALUES (?, ?, ?, ?)[0m  [["name", "Amar Avdic"], ["rating", 7], ["created_at", "2017-06-19 17:13:58.487403"], ["updated_at", "2017-06-19 17:13:58.487403"]]
  [1m[35m (97.7ms)[0m  commit transaction
  [1m[36mSeller Load (0.2ms)[0m  [1mSELECT "sellers".* FROM "sellers" WHERE "sellers"."name" = ?[0m  [["name", "Amar Avdic"]]
  [1m[35mSeller Load (0.2ms)[0m  SELECT  "sellers".* FROM "sellers" LIMIT 1
  [1m[36mSeller Load (0.3ms)[0m  [1mSELECT "sellers".* FROM "sellers"  ORDER BY "sellers"."created_at" DESC[0m
  [1m[36m (0.1ms)[0m  [1mbegin transaction[0m
  [1m[35mSQL (0.4ms)[0m  INSERT INTO "sellers" ("name", "rating", "created_at", "updated_at") VALUES (?, ?, ?, ?)  [["name", "unuverzalno.ba"], ["rating", 1], ["created_at", "2017-06-19 17:22:58.236837"], ["updated_at", "2017-06-19 17:22:58.236837"]]
  [1m[36m (95.2ms)[0m  [1mcommit transaction[0m
  [1m[35m (0.2ms)[0m  begin transaction
  [1m[36mSQL (0.4ms)[0m  [1mINSERT INTO "sellers" ("name", "rating", "created_at", "updated_at") VALUES (?, ?, ?, ?)[0m  [["name", ""], ["rating", 7], ["created_at", "2017-06-19 17:24:00.394915"], ["updated_at", "2017-06-19 17:24:00.394915"]]
  [1m[35m (97.8ms)[0m  commit transaction
  [1m[36m (0.2ms)[0m  [1mbegin transaction[0m
  [1m[35mSQL (1.2ms)[0m  INSERT INTO "sellers" ("rating", "created_at", "updated_at") VALUES (?, ?, ?)  [["rating", 7], ["created_at", "2017-06-19 17:25:12.914067"], ["updated_at", "2017-06-19 17:25:12.914067"]]
  [1m[36m (0.1ms)[0m  [1mrollback transaction[0m
  [1m[36mSeller Load (2.6ms)[0m  [1mSELECT "sellers".* FROM "sellers"[0m
  [1m[36mSeller Load (0.2ms)[0m  [1mSELECT  "sellers".* FROM "sellers"  ORDER BY "sellers"."id" DESC LIMIT 1[0m
  [1m[35mSeller Load (0.2ms)[0m  SELECT  "sellers".* FROM "sellers"  ORDER BY "sellers"."id" DESC LIMIT 1
  [1m[36mSeller Load (0.2ms)[0m  [1mSELECT  "sellers".* FROM "sellers" WHERE "sellers"."id" = ? LIMIT 1[0m  [["id", 1]]
  [1m[35m (0.1ms)[0m  begin transaction
  [1m[36mSQL (0.3ms)[0m  [1mDELETE FROM "sellers" WHERE "sellers"."id" = ?[0m  [["id", 1]]
  [1m[35m (95.9ms)[0m  commit transaction
  [1m[36mActiveRecord::SchemaMigration Load (0.1ms)[0m  [1mSELECT "schema_migrations".* FROM "schema_migrations"[0m
Migrating to AddSellerReferenceToProduct (20170619181632)
  [1m[35m (0.1ms)[0m  begin transaction
  [1m[36m (0.4ms)[0m  [1mALTER TABLE "products" ADD "seller_id" integer[0m
  [1m[35m (0.1ms)[0m  select sqlite_version(*)
  [1m[36m (0.2ms)[0m  [1mCREATE  INDEX "index_products_on_seller_id" ON "products" ("seller_id")[0m
  [1m[35mSQL (0.2ms)[0m  INSERT INTO "schema_migrations" ("version") VALUES (?)  [["version", "20170619181632"]]
  [1m[36m (127.6ms)[0m  [1mcommit transaction[0m
  [1m[35mActiveRecord::SchemaMigration Load (0.1ms)[0m  SELECT "schema_migrations".* FROM "schema_migrations"
  [1m[36m (0.3ms)[0m  [1m            SELECT sql
            FROM sqlite_master
            WHERE name='index_products_on_seller_id' AND type='index'
            UNION ALL
            SELECT sql
            FROM sqlite_temp_master
            WHERE name='index_products_on_seller_id' AND type='index'
[0m
  [1m[36mSeller Load (0.2ms)[0m  [1mSELECT  "sellers".* FROM "sellers"  ORDER BY "sellers"."id" DESC LIMIT 1[0m
  [1m[35mProduct Load (0.2ms)[0m  SELECT  "products".* FROM "products"  ORDER BY "products"."id" DESC LIMIT 1
  [1m[36m (0.2ms)[0m  [1mbegin transaction[0m
  [1m[35mSQL (0.5ms)[0m  INSERT INTO "products" ("name", "price", "created_at", "updated_at") VALUES (?, ?, ?, ?)  [["name", "auto"], ["price", 300000.0], ["created_at", "2017-06-19 18:34:12.823150"], ["updated_at", "2017-06-19 18:34:12.823150"]]
  [1m[36m (95.7ms)[0m  [1mcommit transaction[0m
  [1m[35mProduct Load (0.3ms)[0m  SELECT  "products".* FROM "products"  ORDER BY "products"."id" DESC LIMIT 1
  [1m[36mProduct Load (0.2ms)[0m  [1mSELECT  "products".* FROM "products"  ORDER BY "products"."id" DESC LIMIT 1[0m
  [1m[35mSeller Load (0.1ms)[0m  SELECT  "sellers".* FROM "sellers"  ORDER BY "sellers"."id" DESC LIMIT 1
  [1m[36m (0.0ms)[0m  [1mbegin transaction[0m
  [1m[35mSQL (0.3ms)[0m  UPDATE "products" SET "name" = ?, "price" = ?, "seller_id" = ?, "updated_at" = ? WHERE "products"."id" = ?  [["name", "fabia"], ["price", 3339289382.0], ["seller_id", 5], ["updated_at", "2017-06-19 18:39:13.875256"], ["id", 3]]
  [1m[36m (113.0ms)[0m  [1mcommit transaction[0m
  [1m[35mProduct Load (0.4ms)[0m  SELECT  "products".* FROM "products"  ORDER BY "products"."id" DESC LIMIT 1
  [1m[36mProduct Load (0.4ms)[0m  [1mSELECT  "products".* FROM "products"  ORDER BY "products"."id" DESC LIMIT 1[0m
  [1m[35mSeller Load (0.3ms)[0m  SELECT  "sellers".* FROM "sellers" WHERE "sellers"."id" = ? LIMIT 1  [["id", 5]]
  [1m[36mSeller Load (0.1ms)[0m  [1mSELECT  "sellers".* FROM "sellers" WHERE "sellers"."id" = ? LIMIT 1[0m  [["id", 6]]
  [1m[35mSeller Load (0.1ms)[0m  SELECT  "sellers".* FROM "sellers" WHERE "sellers"."id" = ? LIMIT 1  [["id", 1]]
  [1m[36mSeller Load (0.2ms)[0m  [1mSELECT "sellers".* FROM "sellers"[0m
  [1m[35mSeller Load (0.3ms)[0m  SELECT "sellers".* FROM "sellers"
  [1m[36mSeller Load (0.1ms)[0m  [1mSELECT  "sellers".* FROM "sellers" WHERE "sellers"."id" = ? LIMIT 1[0m  [["id", 2]]
  [1m[35mProduct Load (0.2ms)[0m  SELECT  "products".* FROM "products" WHERE "products"."id" = ? LIMIT 1  [["id", 5]]
  [1m[36mProduct Load (0.2ms)[0m  [1mSELECT "products".* FROM "products"[0m
  [1m[35mSeller Load (0.1ms)[0m  SELECT  "sellers".* FROM "sellers" WHERE "sellers"."id" = ? LIMIT 1  [["id", 2]]
  [1m[36mProduct Load (0.1ms)[0m  [1mSELECT  "products".* FROM "products" WHERE "products"."id" = ? LIMIT 1[0m  [["id", 3]]
  [1m[35m (0.1ms)[0m  begin transaction
  [1m[36mSQL (0.3ms)[0m  [1mUPDATE "products" SET "seller_id" = ?, "updated_at" = ? WHERE "products"."id" = ?[0m  [["seller_id", 2], ["updated_at", "2017-06-19 18:45:29.316468"], ["id", 3]]
  [1m[35m (132.9ms)[0m  commit transaction
  [1m[36mProduct Load (0.2ms)[0m  [1mSELECT "products".* FROM "products" WHERE "products"."seller_id" = ?[0m  [["seller_id", 2]]
  [1m[35mSeller Load (0.1ms)[0m  SELECT  "sellers".* FROM "sellers" WHERE "sellers"."id" = ? LIMIT 1  [["id", 2]]
  [1m[36m (0.1ms)[0m  [1mbegin transaction[0m
  [1m[35mSQL (0.2ms)[0m  DELETE FROM "sellers" WHERE "sellers"."id" = ?  [["id", 2]]
  [1m[36m (126.4ms)[0m  [1mcommit transaction[0m
  [1m[35mProduct Load (0.2ms)[0m  SELECT  "products".* FROM "products" WHERE "products"."id" = ? LIMIT 1  [["id", 5]]
  [1m[36mSeller Load (0.1ms)[0m  [1mSELECT  "sellers".* FROM "sellers" WHERE "sellers"."id" = ? LIMIT 1[0m  [["id", 3]]
  [1m[35m (0.1ms)[0m  begin transaction
  [1m[36mSQL (0.1ms)[0m  [1mDELETE FROM "sellers" WHERE "sellers"."id" = ?[0m  [["id", 3]]
  [1m[35m (108.1ms)[0m  commit transaction
  [1m[36mSeller Load (0.3ms)[0m  [1mSELECT  "sellers".* FROM "sellers"  ORDER BY "sellers"."id" ASC LIMIT 1[0m
  [1m[35mSeller Load (0.2ms)[0m  SELECT "sellers".* FROM "sellers"
  [1m[36mProduct Load (0.3ms)[0m  [1mSELECT "products".* FROM "products"[0m
  [1m[35mSeller Load (0.2ms)[0m  SELECT  "sellers".* FROM "sellers" WHERE "sellers"."id" = ? LIMIT 1  [["id", 4]]
  [1m[36mSeller Load (0.4ms)[0m  [1mSELECT  "sellers".* FROM "sellers" WHERE "sellers"."name" = ? LIMIT 1[0m  [["name", "univerzalno"]]
  [1m[35mSeller Load (0.2ms)[0m  SELECT  "sellers".* FROM "sellers" WHERE "sellers"."name" = ? LIMIT 1  [["name", "univerzalno.ba"]]
  [1m[36mSeller Load (0.3ms)[0m  [1mSELECT  "sellers".* FROM "sellers" WHERE "sellers"."name" = ? LIMIT 1[0m  [["name", "unuverzalno.ba"]]
  [1m[35mSeller Load (0.2ms)[0m  SELECT "sellers".* FROM "sellers" WHERE "sellers"."id" = ?  [["id", 4]]
  [1m[36m (0.1ms)[0m  [1mbegin transaction[0m
  [1m[35mSQL (0.3ms)[0m  INSERT INTO "sellers" ("name", "rating", "created_at", "updated_at") VALUES (?, ?, ?, ?)  [["name", "marko markovic"], ["rating", 3], ["created_at", "2017-06-21 11:28:30.947010"], ["updated_at", "2017-06-21 11:28:30.947010"]]
  [1m[36m (98.6ms)[0m  [1mcommit transaction[0m
  [1m[35mSeller Load (0.3ms)[0m  SELECT "sellers".* FROM "sellers"
  [1m[36mSeller Load (2.2ms)[0m  [1mSELECT "sellers".* FROM "sellers"[0m
  [1m[35mSeller Load (0.4ms)[0m  SELECT "sellers".* FROM "sellers"
  [1m[36m (0.1ms)[0m  [1mbegin transaction[0m
  [1m[35mSQL (0.7ms)[0m  INSERT INTO "sellers" ("name", "rating", "created_at", "updated_at") VALUES (?, ?, ?, ?)  [["name", "neko novi"], ["rating", 4], ["created_at", "2017-06-21 12:21:55.121257"], ["updated_at", "2017-06-21 12:21:55.121257"]]
  [1m[36m (84.7ms)[0m  [1mcommit transaction[0m
  [1m[35mSeller Load (0.2ms)[0m  SELECT "sellers".* FROM "sellers"
  [1m[36m (0.2ms)[0m  [1mbegin transaction[0m
  [1m[35m (0.1ms)[0m  commit transaction
  [1m[36mSeller Load (0.2ms)[0m  [1mSELECT  "sellers".* FROM "sellers"  ORDER BY "sellers"."id" ASC LIMIT 1[0m
  [1m[36mSeller Load (2.0ms)[0m  [1mSELECT "sellers".* FROM "sellers"[0m
  [1m[35mSeller Load (0.3ms)[0m  SELECT  "sellers".* FROM "sellers"  ORDER BY "sellers"."id" ASC LIMIT 1
  [1m[36mSeller Load (10.5ms)[0m  [1mSELECT "sellers".* FROM "sellers"[0m
  [1m[36mSeller Load (1.5ms)[0m  [1mSELECT "sellers".* FROM "sellers"[0m
